[2025-11-02T17:12:23.773Z] info: kubernetes.yaml was copied to the config folder
[2025-11-02T17:12:58.555Z] error: Host validation failed for: plougastel:3000. Hint: Set the HOMEPAGE_ALLOWED_HOSTS environment variable to allow requests from this host / port.
[2025-11-02T17:12:58.687Z] error: Host validation failed for: plougastel:3000. Hint: Set the HOMEPAGE_ALLOWED_HOSTS environment variable to allow requests from this host / port.
[2025-11-02T17:12:58.696Z] error: Host validation failed for: plougastel:3000. Hint: Set the HOMEPAGE_ALLOWED_HOSTS environment variable to allow requests from this host / port.
[2025-11-02T17:12:58.706Z] error: Host validation failed for: plougastel:3000. Hint: Set the HOMEPAGE_ALLOWED_HOSTS environment variable to allow requests from this host / port.
[2025-11-02T17:12:58.725Z] error: Host validation failed for: plougastel:3000. Hint: Set the HOMEPAGE_ALLOWED_HOSTS environment variable to allow requests from this host / port.
[2025-11-02T17:12:58.734Z] error: Host validation failed for: plougastel:3000. Hint: Set the HOMEPAGE_ALLOWED_HOSTS environment variable to allow requests from this host / port.
[2025-11-02T17:12:58.739Z] error: Host validation failed for: plougastel:3000. Hint: Set the HOMEPAGE_ALLOWED_HOSTS environment variable to allow requests from this host / port.
[2025-11-02T17:12:58.745Z] error: Host validation failed for: plougastel:3000. Hint: Set the HOMEPAGE_ALLOWED_HOSTS environment variable to allow requests from this host / port.
[2025-11-02T17:12:58.750Z] error: Host validation failed for: plougastel:3000. Hint: Set the HOMEPAGE_ALLOWED_HOSTS environment variable to allow requests from this host / port.
[2025-11-02T17:12:58.769Z] error: Host validation failed for: plougastel:3000. Hint: Set the HOMEPAGE_ALLOWED_HOSTS environment variable to allow requests from this host / port.
[2025-11-02T17:12:58.777Z] error: Host validation failed for: plougastel:3000. Hint: Set the HOMEPAGE_ALLOWED_HOSTS environment variable to allow requests from this host / port.
[2025-11-02T17:12:58.782Z] error: Host validation failed for: plougastel:3000. Hint: Set the HOMEPAGE_ALLOWED_HOSTS environment variable to allow requests from this host / port.
[2025-11-02T17:13:15.868Z] error: Host validation failed for: plougastel:3000. Hint: Set the HOMEPAGE_ALLOWED_HOSTS environment variable to allow requests from this host / port.
[2025-11-02T17:13:15.872Z] error: Host validation failed for: plougastel:3000. Hint: Set the HOMEPAGE_ALLOWED_HOSTS environment variable to allow requests from this host / port.
[2025-11-02T17:14:28.533Z] info: docker.yaml was copied to the config folder
[2025-11-02T17:14:28.535Z] info: services.yaml was copied to the config folder
[2025-11-02T17:14:28.536Z] info: bookmarks.yaml was copied to the config folder
[2025-11-02T17:14:28.537Z] info: proxmox.yaml was copied to the config folder
[2025-11-02T17:14:28.550Z] info: custom.css was copied to the config folder
[2025-11-02T17:14:28.551Z] info: custom.js was copied to the config folder
[2025-11-02T17:26:17.050Z] warn: <service-helpers> Error parsing service "PicFrame" from config. Ensure required fields are present.
[2025-11-02T17:26:17.075Z] warn: <service-helpers> Error parsing service "PicFrame" from config. Ensure required fields are present.
[2025-11-02T17:26:17.196Z] warn: <service-helpers> Error parsing service "PicFrame" from config. Ensure required fields are present.
[2025-11-02T17:26:19.009Z] warn: <service-helpers> Error parsing service "PicFrame" from config. Ensure required fields are present.
[2025-11-02T17:26:19.133Z] warn: <service-helpers> Error parsing service "PicFrame" from config. Ensure required fields are present.
[2025-11-02T17:26:22.620Z] warn: <service-helpers> Error parsing service "PicFrame" from config. Ensure required fields are present.
[2025-11-02T17:26:22.748Z] warn: <service-helpers> Error parsing service "PicFrame" from config. Ensure required fields are present.
[2025-11-02T17:26:23.394Z] warn: <service-helpers> Error parsing service "PicFrame" from config. Ensure required fields are present.
[2025-11-02T17:26:23.534Z] warn: <service-helpers> Error parsing service "PicFrame" from config. Ensure required fields are present.
[2025-11-02T17:26:24.348Z] warn: <service-helpers> Error parsing service "PicFrame" from config. Ensure required fields are present.
[2025-11-02T17:26:24.469Z] warn: <service-helpers> Error parsing service "PicFrame" from config. Ensure required fields are present.
[2025-11-02T17:27:11.979Z] warn: <service-helpers> Error parsing service "PicFrame" from config. Ensure required fields are present.
[2025-11-02T17:27:12.149Z] warn: <service-helpers> Error parsing service "PicFrame" from config. Ensure required fields are present.
[2025-11-02T17:27:14.469Z] warn: <service-helpers> Error parsing service "PicFrame" from config. Ensure required fields are present.
[2025-11-02T17:27:15.997Z] warn: <service-helpers> Error parsing service "PicFrame" from config. Ensure required fields are present.
[2025-11-02T17:27:19.148Z] warn: <service-helpers> Error parsing service "PicFrame" from config. Ensure required fields are present.
