2026-02-20 15:47:24,328 INFO s.s.S.SPDFApplication [main] Additional features in jar
2026-02-20 15:47:24,331 INFO s.s.c.c.ConfigInitializer [main] Current settings file line count: 0
2026-02-20 15:47:24,339 INFO s.s.c.c.ConfigInitializer [main] Created settings file from template
2026-02-20 15:47:24,339 INFO s.s.c.c.ConfigInitializer [main] Created custom_settings file: ./configs/custom_settings.yml
2026-02-20 15:47:24,340 INFO s.s.S.SPDFApplication [main] Settings file: ./configs/settings.yml
2026-02-20 15:47:24,340 INFO s.s.S.SPDFApplication [main] Custom settings file: ./configs/custom_settings.yml
2026-02-20 15:47:25,672 INFO s.s.S.SPDFApplication [main] Starting SPDFApplication v2.5.1 using Java 21.0.10 with PID 7 (/app.jar started by stirlingpdfuser in /)
2026-02-20 15:47:25,674 INFO s.s.S.SPDFApplication [main] The following 1 profile is active: "security"
2026-02-20 15:47:34,106 INFO s.s.S.c.MultipartConfiguration [main] Using default multipart file upload limit: 2000MB
2026-02-20 15:47:36,230 INFO s.s.p.s.c.DatabaseConfig [main] Using default H2 database
2026-02-20 15:47:44,918 INFO s.s.p.s.s.KeyPersistenceService [main] No existing keys found in directory, generating new keypair
2026-02-20 15:47:45,506 INFO s.s.p.s.s.KeyPersistenceService [main] Generated and stored new JWT keypair: jwt-key-2026-02-20-154745
2026-02-20 15:47:45,935 INFO s.s.p.s.s.DatabaseService [main] Source directory does not exist: configs/db/backup
2026-02-20 15:47:46,267 INFO s.s.c.c.TempFileConfiguration [main] Created temporary directory: /tmp/stirling-pdf/stirling-pdf
2026-02-20 15:47:46,326 INFO s.s.c.c.RuntimePathConfig [main] Registered watched folder path: /pipeline/watchedFolders
2026-02-20 15:47:46,327 INFO s.s.c.c.RuntimePathConfig [main] Using Tesseract data path: /usr/share/tesseract-ocr/5/tessdata
2026-02-20 15:47:46,378 WARN s.s.S.c.ExternalAppDepConfig [pool-2-thread-1] Missing dependency: rar - Disabling group: rar (Affected features: PDF To Cbr)
2026-02-20 15:47:46,392 INFO s.s.S.c.ExternalAppDepConfig [pool-2-thread-2] qpdf 12.2.0 meets minimum 12.0.0
2026-02-20 15:47:47,252 INFO s.s.S.c.ExternalAppDepConfig [pool-2-thread-1] WeasyPrint 68.1.0 meets minimum 58.0.0
2026-02-20 15:47:47,587 INFO s.s.S.c.EndpointConfiguration [main] Disabled tool groups: rar (endpoints may have alternative implementations)
2026-02-20 15:47:47,588 INFO s.s.S.c.EndpointConfiguration [main] Disabled functional groups: enterprise
2026-02-20 15:47:47,588 INFO s.s.S.c.EndpointConfiguration [main] Total disabled endpoints: 2. Disabled endpoints: pdf-to-cbr, url-to-pdf
2026-02-20 15:47:48,632 INFO s.s.S.s.VeraPDFService [main] VeraPDF Greenfield initialized successfully
2026-02-20 15:47:48,723 INFO s.s.S.s.PdfJsonFallbackFontService [main] Using fallback font location: classpath:/static/fonts/NotoSans-Regular.ttf
2026-02-20 15:47:48,731 INFO s.s.S.s.p.PdfJsonFontService [main] [FONT-DEBUG] CFF conversion enabled, checking tool availability...
2026-02-20 15:47:48,734 INFO s.s.S.s.p.PdfJsonFontService [main] [FONT-DEBUG] Python command '/opt/venv/bin/python3' is available
2026-02-20 15:47:48,737 INFO s.s.S.s.p.PdfJsonFontService [main] [FONT-DEBUG] FontForge command 'fontforge' is available
2026-02-20 15:47:48,737 INFO s.s.S.s.p.PdfJsonFontService [main] [FONT-DEBUG] Selected CFF converter method: python
2026-02-20 15:47:50,002 INFO s.s.S.s.p.t.l.Type3FontLibrary [main] [TYPE3] Loaded 61 Type3 library entries (signatures=81, aliases=64) from classpath:/type3/library/index.json
2026-02-20 15:47:51,361 INFO s.s.c.s.MobileScannerService [main] Mobile scanner temp directory: /tmp/stirling-pdf/stirling-mobile-scanner
2026-02-20 15:47:51,707 INFO s.s.c.u.FileMonitor [main] Monitoring directory: /pipeline/watchedFolders
2026-02-20 15:47:51,945 INFO s.s.S.s.CertificateValidationService [main] Loading certificates from Java system trust store
2026-02-20 15:47:52,020 INFO s.s.S.s.CertificateValidationService [main] Loaded 150 CA certificates from Java system trust store
2026-02-20 15:47:52,020 INFO s.s.S.s.CertificateValidationService [main] Loading bundled Mozilla CA certificates from resources
2026-02-20 15:47:52,022 WARN s.s.S.s.CertificateValidationService [main] Bundled Mozilla CA certificate file not found in resources
2026-02-20 15:47:52,100 INFO s.s.S.c.w.ReactRoutingController [main] Static files custom path: ./customFiles/static/
2026-02-20 15:47:52,215 INFO s.s.c.s.ResourceMonitor [pool-4-thread-1] System resource status changed from OK to WARNING
2026-02-20 15:47:52,217 INFO s.s.c.s.ResourceMonitor [pool-4-thread-1] Current metrics - CPU: 83.5%, Memory: 9.9%, Free Memory: 248 MB
2026-02-20 15:47:52,271 INFO s.s.c.s.TempFileCleanupService [main] Created LibreOffice temp directory: /tmp/stirling-pdf/stirling-pdf/libreoffice
2026-02-20 15:47:52,272 INFO s.s.c.s.TempFileCleanupService [main] Running in Docker mode, using aggressive cleanup strategy
2026-02-20 15:47:52,276 INFO s.s.c.s.TempFileCleanupService [main] Startup cleanup complete. Deleted 0 temporary files/directories
2026-02-20 15:47:53,541 INFO s.s.p.s.s.UserService [main] MFA required set to true for user admin {mfaEnabled=false, mfaRequired=false}
2026-02-20 15:47:53,574 INFO s.s.p.s.s.DatabaseService [main] Database export completed: configs/backup/db/backup_202602201547.sql
2026-02-20 15:47:53,575 INFO s.s.p.s.s.DatabaseService [main] Checksum for backup_202602201547.sql: 2c645fa326a924edea989c8902ffb4317c05824334befbace6cd31bbd6b13168
2026-02-20 15:47:53,601 INFO s.s.p.s.InitialSecuritySetup [main] Default admin user created: admin
2026-02-20 15:47:53,738 INFO s.s.p.s.s.UserService [main] MFA required set to true for user STIRLING-PDF-BACKEND-API-USER {mfaEnabled=false, mfaRequired=false}
2026-02-20 15:47:53,749 INFO s.s.p.s.s.DatabaseService [main] Database export completed: configs/backup/db/backup_202602201547.sql
2026-02-20 15:47:53,750 INFO s.s.p.s.s.DatabaseService [main] Checksum for backup_202602201547.sql: 76d6ee5969686697446947b63bc37a76a5ec41d23deb81d3f013f7cfe7efc022
2026-02-20 15:47:53,839 INFO s.s.p.s.s.DatabaseService [main] Database export completed: configs/backup/db/backup_202602201547.sql
2026-02-20 15:47:53,840 INFO s.s.p.s.s.DatabaseService [main] Checksum for backup_202602201547.sql: 708c74b30f222ba236c48e25f462723f700425204fc7fd1dd56cf4255937f4e5
2026-02-20 15:47:53,866 INFO s.s.p.s.InitialSecuritySetup [main] Internal API user created: STIRLING-PDF-BACKEND-API-USER
2026-02-20 15:47:53,875 INFO s.s.p.s.UserLicenseSettingsService [main] Initializing user license settings
2026-02-20 15:47:53,891 INFO s.s.p.s.UserLicenseSettingsService [main] Existing installation detected. Grandfathering 5 users (current: 1, minimum: 5)
2026-02-20 15:47:53,896 WARN s.s.p.s.UserLicenseSettingsService [main] GRANDFATHERING LOCKED: 5 users. This value can never be changed.
2026-02-20 15:47:53,902 INFO s.s.p.s.UserLicenseSettingsService [main] License check result: type=NORMAL, requiresPaid=true, hasPaid=false
2026-02-20 15:47:54,740 INFO s.s.S.c.WebMvcConfig [main] No CORS allowed origins configured in settings.yml (system.corsAllowedOrigins); allowing all origins.
2026-02-20 15:47:55,778 INFO s.s.p.s.c.SecurityConfiguration [main] No CORS allowed origins configured in settings.yml (system.corsAllowedOrigins); allowing all origins.
2026-02-20 15:47:57,654 INFO s.s.c.s.JobQueue [main] Starting JobQueue lifecycle
2026-02-20 15:47:57,701 INFO s.s.S.SPDFApplication [main] Stirling-PDF running on port: 8080
2026-02-20 15:47:57,748 INFO s.s.S.SPDFApplication [main] Started SPDFApplication in 33.404 seconds (process running for 35.075)
2026-02-20 15:47:57,762 WARN s.s.c.u.FileMonitor [scheduling-1] Not monitoring any directories; attempting to re-register root paths.
2026-02-20 15:47:57,765 INFO s.s.S.c.a.p.PipelineDirectoryProcessor [scheduling-1] Created directory: /pipeline/watchedFolders
2026-02-20 15:47:57,772 WARN o.s.c.e.SpringDocAppInitializer [main] SpringDoc /v1/api-docs endpoint is enabled by default. To disable it in production, set the property 'springdoc.api-docs.enabled=false'
2026-02-20 15:47:57,772 WARN o.s.c.e.SpringDocAppInitializer [main] SpringDoc /swagger-ui.html endpoint is enabled by default. To disable it in production, set the property 'springdoc.swagger-ui.enabled=false'
2026-02-20 15:47:57,773 INFO s.s.p.s.ServerCertificateService [main] Server certificate feature requires Pro or Enterprise license
2026-02-20 15:47:57,774 INFO s.s.c.s.TempFileCleanupService [scheduling-1] Running scheduled temporary file cleanup
2026-02-20 15:47:57,776 INFO s.s.c.u.TempFileManager [scheduling-1] Cleaned up 0 old temporary files
2026-02-20 15:47:57,776 INFO s.s.c.s.TempFileCleanupService [scheduling-1] Cleaned up 0 registered temporary files
2026-02-20 15:47:57,778 INFO s.s.p.s.UserLicenseSettingsService [main] License check result: type=NORMAL, requiresPaid=true, hasPaid=false
2026-02-20 15:47:57,780 INFO s.s.S.SPDFApplication [main] Stirling-PDF Started.
2026-02-20 15:47:57,780 INFO s.s.S.SPDFApplication [main] Navigate to http://localhost:8080/
2026-02-20 15:47:59,368 WARN s.s.p.s.s.KeyPersistenceService [qtp1060041730-30] No signing key found in database for keyId: jwt-key-2026-02-20-124526
2026-02-20 15:47:59,369 WARN s.s.p.s.s.JwtService [qtp1060041730-30] Key ID jwt-key-2026-02-20-124526 not found in keystore, token may have been signed with an expired key
2026-02-20 15:47:59,574 WARN s.s.p.s.s.JwtService [qtp1060041730-30] Invalid signature: JWT signature does not match locally computed signature. JWT validity cannot be asserted and should not be trusted.
2026-02-20 15:47:59,574 WARN s.s.p.s.c.a.AuthController [qtp1060041730-30] Token refresh failed: Invalid signature
2026-02-20 15:48:02,741 WARN s.s.c.u.FileMonitor [scheduling-1] Not monitoring any directories; attempting to re-register root paths.
2026-02-20 15:48:02,745 INFO s.s.c.u.FileMonitor [scheduling-1] Registered directory: /pipeline/watchedFolders
2026-02-20 15:48:52,215 INFO s.s.c.s.ResourceMonitor [pool-4-thread-1] System resource status changed from WARNING to OK
2026-02-20 15:48:52,216 INFO s.s.c.s.ResourceMonitor [pool-4-thread-1] Current metrics - CPU: 50.4%, Memory: 5.3%, Free Memory: 547 MB
2026-02-20 15:50:12,846 INFO s.s.c.u.ProcessExecutor [virtual-60] Running command: /opt/venv/bin/unoconvert --host 127.0.0.1 --port 2003 --convert-to pdf /tmp/stirling-pdf/office2pdf_11827205744830679536/Fiche communication.docx /tmp/stirling-pdf/office2pdf_11827205744830679536/Fiche communication.pdf
2026-02-20 15:50:12,966 INFO s.s.c.u.ProcessExecutor [Thread-11] INFO:unoserver:Connecting.
2026-02-20 15:50:12,973 INFO s.s.c.u.ProcessExecutor [Thread-11] INFO:unoserver:Converting.
2026-02-20 15:50:13,841 INFO s.s.c.u.ProcessExecutor [Thread-11] INFO:unoserver:Saved to /tmp/stirling-pdf/office2pdf_11827205744830679536/Fiche communication.pdf.
2026-02-20 15:50:14,119 INFO s.s.c.u.ProcessExecutor [virtual-69] Running command: /opt/venv/bin/unoconvert --host 127.0.0.1 --port 2003 --convert-to pdf /tmp/stirling-pdf/office2pdf_16790553808170265371/Fiche administrative.docx /tmp/stirling-pdf/office2pdf_16790553808170265371/Fiche administrative.pdf
2026-02-20 15:50:14,244 INFO s.s.c.u.ProcessExecutor [Thread-13] INFO:unoserver:Connecting.
2026-02-20 15:50:14,257 INFO s.s.c.u.ProcessExecutor [Thread-13] INFO:unoserver:Converting.
2026-02-20 15:50:14,649 INFO s.s.c.u.ProcessExecutor [Thread-13] INFO:unoserver:Saved to /tmp/stirling-pdf/office2pdf_16790553808170265371/Fiche administrative.pdf.
2026-02-20 15:50:14,761 INFO s.s.c.u.ProcessExecutor [virtual-72] Running command: /opt/venv/bin/unoconvert --host 127.0.0.1 --port 2003 --convert-to pdf /tmp/stirling-pdf/office2pdf_17935276909951065016/FICHE TECHNIQUE ARTISTES.docx /tmp/stirling-pdf/office2pdf_17935276909951065016/FICHE TECHNIQUE ARTISTES.pdf
2026-02-20 15:50:14,875 INFO s.s.c.u.ProcessExecutor [Thread-15] INFO:unoserver:Connecting.
2026-02-20 15:50:14,882 INFO s.s.c.u.ProcessExecutor [Thread-15] INFO:unoserver:Converting.
2026-02-20 15:50:15,148 INFO s.s.c.u.ProcessExecutor [Thread-15] INFO:unoserver:Saved to /tmp/stirling-pdf/office2pdf_17935276909951065016/FICHE TECHNIQUE ARTISTES.pdf.
2026-02-20 15:50:45,919 INFO s.s.S.c.a.m.AutoRenameController [virtual-78] File has no good title to be found
2026-02-20 15:51:12,606 INFO s.s.S.c.a.m.AutoRenameController [virtual-81] File has no good title to be found
2026-02-20 15:51:12,674 INFO s.s.S.c.a.m.AutoRenameController [virtual-82] File has no good title to be found
2026-02-20 15:51:12,836 INFO s.s.S.c.a.m.AutoRenameController [virtual-83] File has no good title to be found
2026-02-20 15:51:12,837 WARN o.a.p.p.BaseParser [virtual-83] Empty COSName at offset 10731
2026-02-20 15:51:14,258 INFO o.a.p.e.u.DeletingRandomAccessFile [virtual-86] Successfully deleted temp file: /tmp/stirling-pdf/stirling-pdf/stirling-pdf-9399219042336871207.tmp
2026-02-20 15:51:16,013 INFO o.a.p.e.u.DeletingRandomAccessFile [virtual-88] Successfully deleted temp file: /tmp/stirling-pdf/stirling-pdf/stirling-pdf-9389544969002869524.tmp
2026-02-20 15:52:10,367 INFO s.s.S.c.a.m.AutoRenameController [virtual-90] File has no good title to be found
2026-02-20 15:52:19,039 INFO s.s.S.c.a.m.AutoRenameController [virtual-92] File has no good title to be found
2026-02-20 15:52:19,823 INFO o.a.p.e.u.DeletingRandomAccessFile [virtual-93] Successfully deleted temp file: /tmp/stirling-pdf/stirling-pdf/stirling-pdf-6612048397039509018.tmp
2026-02-20 15:52:31,657 INFO o.a.p.e.u.DeletingRandomAccessFile [virtual-94] Successfully deleted temp file: /tmp/stirling-pdf/stirling-pdf/stirling-pdf-12792638913942066539.tmp
